<?xml version="1.0" encoding="UTF-8"?>
<!-- Generated by org.testng.reporters.JUnitXMLReporter -->
<testsuite ignored="0" hostname="DESKTOP-RGFUJQH" failures="0" tests="4" name="Amazon Test" time="16.241" errors="0" timestamp="07 Mar 2023 07:13:45 GMT">
  <testcase classname="TestNGSessions.AmazonTest" name="titleTest" time="1.086"/>
  <testcase classname="TestNGSessions.AmazonTest" name="searchExistTest" time="1.879"/>
  <testcase classname="TestNGSessions.AmazonTest" name="urlTest" time="0.102"/>
  <testcase classname="TestNGSessions.AmazonTest" name="isHelpExistTest" time="0.096"/>
</testsuite> <!-- Amazon Test -->
