<?xml version="1.0" encoding="UTF-8"?>
<!-- Generated by org.testng.reporters.JUnitXMLReporter -->
<testsuite ignored="0" hostname="DESKTOP-RGFUJQH" failures="0" tests="4" name="Google Test" time="12.544" errors="0" timestamp="07 Mar 2023 07:13:41 GMT">
  <testcase classname="TestNGSessions.GoogleTest" name="titleTest" time="0.057"/>
  <testcase classname="TestNGSessions.GoogleTest" name="searchExistTest" time="0.223"/>
  <testcase classname="TestNGSessions.GoogleTest" name="urlTest" time="0.059"/>
  <testcase classname="TestNGSessions.GoogleTest" name="isAboutLinkExistTest" time="0.184"/>
</testsuite> <!-- Google Test -->
