<?xml version="1.0" encoding="UTF-8"?>
<!-- Generated by org.testng.reporters.JUnitXMLReporter -->
<testsuite ignored="0" hostname="DESKTOP-RGFUJQH" failures="0" tests="3" name="OpenCart Test" time="15.325" errors="0" timestamp="07 Mar 2023 07:13:44 GMT">
  <testcase classname="TestNGSessions.OpenCartTest" name="titleTest" time="0.02"/>
  <testcase classname="TestNGSessions.OpenCartTest" name="searchExistTest" time="0.103"/>
  <testcase classname="TestNGSessions.OpenCartTest" name="urlTest" time="0.018"/>
</testsuite> <!-- OpenCart Test -->
