<?xml version="1.0" encoding="UTF-8"?>
<!-- Generated by org.testng.reporters.JUnitXMLReporter -->
<testsuite ignored="0" hostname="DESKTOP-RGFUJQH" failures="0" tests="4" name="Default test" time="4.278" errors="0" timestamp="01 Mar 2023 05:08:17 GMT">
  <testcase classname="TestNGSessions.GoogleTest" name="titleTest" time="1.072"/>
  <testcase classname="TestNGSessions.GoogleTest" name="searchExistTest" time="0.05"/>
  <testcase classname="TestNGSessions.GoogleTest" name="urlTest" time="0.008"/>
  <testcase classname="TestNGSessions.GoogleTest" name="isAboutLinkExistTest" time="0.035"/>
</testsuite> <!-- Default test -->
