<?xml version="1.0" encoding="UTF-8"?>
<testng-results ignored="0" total="11" passed="11" failed="0" skipped="0">
  <reporter-output>
  </reporter-output>
  <suite started-at="2023-03-07T07:13:29Z" name="TestNG Regression Suite" finished-at="2023-03-07T07:13:45Z" duration-ms="16241">
    <groups>
    </groups>
    <test started-at="2023-03-07T07:13:29Z" name="Google Test" finished-at="2023-03-07T07:13:41Z" duration-ms="12544">
      <class name="TestNGSessions.GoogleTest">
        <test-method is-config="true" signature="setUp(java.lang.String, java.lang.String)[pri:0, instance:TestNGSessions.GoogleTest@f2ff811]" started-at="2023-03-07T07:13:29Z" name="setUp" finished-at="2023-03-07T07:13:39Z" duration-ms="10943" status="PASS">
          <params>
            <param index="0">
              <value>
                <![CDATA[https://www.google.com]]>
              </value>
            </param>
            <param index="1">
              <value>
                <![CDATA[chrome]]>
              </value>
            </param>
          </params>
          <reporter-output>
          </reporter-output>
        </test-method> <!-- setUp -->
        <test-method signature="titleTest()[pri:1, instance:TestNGSessions.GoogleTest@f2ff811]" started-at="2023-03-07T07:13:40Z" name="titleTest" finished-at="2023-03-07T07:13:40Z" duration-ms="57" status="PASS">
          <reporter-output>
          </reporter-output>
        </test-method> <!-- titleTest -->
        <test-method signature="searchExistTest()[pri:2, instance:TestNGSessions.GoogleTest@f2ff811]" started-at="2023-03-07T07:13:40Z" name="searchExistTest" finished-at="2023-03-07T07:13:40Z" duration-ms="223" status="PASS">
          <reporter-output>
          </reporter-output>
        </test-method> <!-- searchExistTest -->
        <test-method signature="urlTest()[pri:3, instance:TestNGSessions.GoogleTest@f2ff811]" started-at="2023-03-07T07:13:40Z" name="urlTest" finished-at="2023-03-07T07:13:40Z" duration-ms="59" status="PASS">
          <reporter-output>
          </reporter-output>
        </test-method> <!-- urlTest -->
        <test-method signature="isAboutLinkExistTest()[pri:4, instance:TestNGSessions.GoogleTest@f2ff811]" started-at="2023-03-07T07:13:40Z" name="isAboutLinkExistTest" finished-at="2023-03-07T07:13:40Z" duration-ms="184" status="PASS">
          <reporter-output>
          </reporter-output>
        </test-method> <!-- isAboutLinkExistTest -->
        <test-method is-config="true" signature="tearDown()[pri:0, instance:TestNGSessions.GoogleTest@f2ff811]" started-at="2023-03-07T07:13:40Z" name="tearDown" finished-at="2023-03-07T07:13:41Z" duration-ms="1018" status="PASS">
          <reporter-output>
          </reporter-output>
        </test-method> <!-- tearDown -->
      </class> <!-- TestNGSessions.GoogleTest -->
    </test> <!-- Google Test -->
    <test started-at="2023-03-07T07:13:29Z" name="OpenCart Test" finished-at="2023-03-07T07:13:44Z" duration-ms="15325">
      <class name="TestNGSessions.OpenCartTest">
        <test-method is-config="true" signature="setUp(java.lang.String, java.lang.String)[pri:0, instance:TestNGSessions.OpenCartTest@2beee7ff]" started-at="2023-03-07T07:13:29Z" name="setUp" finished-at="2023-03-07T07:13:43Z" duration-ms="14706" status="PASS">
          <params>
            <param index="0">
              <value>
                <![CDATA[https://naveenautomationlabs.com/opencart/]]>
              </value>
            </param>
            <param index="1">
              <value>
                <![CDATA[chrome]]>
              </value>
            </param>
          </params>
          <reporter-output>
          </reporter-output>
        </test-method> <!-- setUp -->
        <test-method signature="titleTest()[pri:1, instance:TestNGSessions.OpenCartTest@2beee7ff]" started-at="2023-03-07T07:13:43Z" name="titleTest" finished-at="2023-03-07T07:13:43Z" duration-ms="20" status="PASS">
          <reporter-output>
          </reporter-output>
        </test-method> <!-- titleTest -->
        <test-method signature="searchExistTest()[pri:2, instance:TestNGSessions.OpenCartTest@2beee7ff]" started-at="2023-03-07T07:13:43Z" name="searchExistTest" finished-at="2023-03-07T07:13:43Z" duration-ms="103" status="PASS">
          <reporter-output>
          </reporter-output>
        </test-method> <!-- searchExistTest -->
        <test-method signature="urlTest()[pri:3, instance:TestNGSessions.OpenCartTest@2beee7ff]" started-at="2023-03-07T07:13:43Z" name="urlTest" finished-at="2023-03-07T07:13:43Z" duration-ms="18" status="PASS">
          <reporter-output>
          </reporter-output>
        </test-method> <!-- urlTest -->
        <test-method is-config="true" signature="tearDown()[pri:0, instance:TestNGSessions.OpenCartTest@2beee7ff]" started-at="2023-03-07T07:13:43Z" name="tearDown" finished-at="2023-03-07T07:13:44Z" duration-ms="462" status="PASS">
          <reporter-output>
          </reporter-output>
        </test-method> <!-- tearDown -->
      </class> <!-- TestNGSessions.OpenCartTest -->
    </test> <!-- OpenCart Test -->
    <test started-at="2023-03-07T07:13:29Z" name="Amazon Test" finished-at="2023-03-07T07:13:45Z" duration-ms="16241">
      <class name="TestNGSessions.AmazonTest">
        <test-method is-config="true" signature="setUp(java.lang.String, java.lang.String)[pri:0, instance:TestNGSessions.AmazonTest@152aa092]" started-at="2023-03-07T07:13:29Z" name="setUp" finished-at="2023-03-07T07:13:41Z" duration-ms="12819" status="PASS">
          <params>
            <param index="0">
              <value>
                <![CDATA[https://www.amazon.com]]>
              </value>
            </param>
            <param index="1">
              <value>
                <![CDATA[chrome]]>
              </value>
            </param>
          </params>
          <reporter-output>
          </reporter-output>
        </test-method> <!-- setUp -->
        <test-method signature="titleTest()[pri:1, instance:TestNGSessions.AmazonTest@152aa092]" started-at="2023-03-07T07:13:41Z" name="titleTest" finished-at="2023-03-07T07:13:42Z" duration-ms="1086" status="PASS">
          <reporter-output>
          </reporter-output>
        </test-method> <!-- titleTest -->
        <test-method signature="searchExistTest()[pri:2, instance:TestNGSessions.AmazonTest@152aa092]" started-at="2023-03-07T07:13:42Z" name="searchExistTest" finished-at="2023-03-07T07:13:44Z" duration-ms="1879" status="PASS">
          <reporter-output>
          </reporter-output>
        </test-method> <!-- searchExistTest -->
        <test-method signature="urlTest()[pri:3, instance:TestNGSessions.AmazonTest@152aa092]" started-at="2023-03-07T07:13:44Z" name="urlTest" finished-at="2023-03-07T07:13:44Z" duration-ms="102" status="PASS">
          <reporter-output>
          </reporter-output>
        </test-method> <!-- urlTest -->
        <test-method signature="isHelpExistTest()[pri:4, instance:TestNGSessions.AmazonTest@152aa092]" started-at="2023-03-07T07:13:44Z" name="isHelpExistTest" finished-at="2023-03-07T07:13:45Z" duration-ms="96" status="PASS">
          <reporter-output>
          </reporter-output>
        </test-method> <!-- isHelpExistTest -->
        <test-method is-config="true" signature="tearDown()[pri:0, instance:TestNGSessions.AmazonTest@152aa092]" started-at="2023-03-07T07:13:45Z" name="tearDown" finished-at="2023-03-07T07:13:45Z" duration-ms="238" status="PASS">
          <reporter-output>
          </reporter-output>
        </test-method> <!-- tearDown -->
      </class> <!-- TestNGSessions.AmazonTest -->
    </test> <!-- Amazon Test -->
  </suite> <!-- TestNG Regression Suite -->
</testng-results>
